<?xml version="1.0" encoding="UTF-8"?>
<!-- Generated by org.testng.reporters.JUnitReportReporter -->
<testsuite skipped="0" hostname="dell" name="ChromeTest" tests="1" failures="0" timestamp="24 Apr 2019 13:14:57 GMT" time="12.772" errors="0">
  <testcase name="ChromeTest" time="12.772" classname="ChromeTest"/>
</testsuite> <!-- ChromeTest -->
